"../../../Arcanum/Content/Geometry/Meshes/CubeMaterial.uasset" 0
"../../../Arcanum/Content/Geometry/Meshes/1M_Cube.uasset" 1
"../../../Arcanum/Content/Geometry/Meshes/1M_Cube_Chamfer.uasset" 2
"../../../Arcanum/Content/Geometry/Meshes/TemplateFloor.uasset" 3
"../../../Arcanum/Content/Mannequin/Character/Mesh/UE4_Mannequin_Skeleton.uasset" 4
"../../../Arcanum/Content/Mannequin/Animations/ThirdPersonJump_End.uasset" 5
"../../../Arcanum/Content/StarterContent/Materials/M_Basic_Wall.uasset" 6
"../../../Arcanum/Content/StarterContent/Architecture/Pillar_50x500.uasset" 7
"../../../Arcanum/Content/StarterContent/Architecture/Wall_400x300.uasset" 8
"../../../Arcanum/Content/StarterContent/Architecture/Wall_400x400.uasset" 9
"../../../Arcanum/Content/StarterContent/Architecture/Wall_500x500.uasset" 10
"../../../Arcanum/Content/StarterContent/Architecture/Wall_Door_400x400.uasset" 11
"../../../Arcanum/Content/StarterContent/Architecture/Wall_Window_400x400.uasset" 12
"../../../Arcanum/Content/StarterContent/Audio/Light01_Cue.uasset" 13
"../../../Arcanum/Content/StarterContent/Audio/Light02_Cue.uasset" 14
"../../../Arcanum/Content/StarterContent/Audio/Explosion_Cue.uasset" 15
"../../../Arcanum/Content/StarterContent/Textures/T_Burst_M.uasset" 16
"../../../Arcanum/Content/StarterContent/Particles/Materials/M_Burst.uasset" 17
"../../../Arcanum/Content/StarterContent/Textures/T_Explosion_SubUV.uasset" 18
"../../../Arcanum/Content/StarterContent/Particles/Materials/M_explosion_subUV.uasset" 19
"../../../Arcanum/Content/StarterContent/Particles/Materials/m_flare_01.uasset" 20
"../../../Engine/Content/Functions/Engine_MaterialFunctions01/Gradient/RadialGradient.uasset" 21
"../../../Arcanum/Content/StarterContent/Particles/Materials/M_radial_ramp.uasset" 22
"../../../Arcanum/Content/StarterContent/Textures/T_Smoke_SubUV.uasset" 23
"../../../Arcanum/Content/StarterContent/Textures/T_Smoke_Tiled_D.uasset" 24
"../../../Arcanum/Content/StarterContent/Particles/Materials/M_smoke_subUV.uasset" 25
"../../../Arcanum/Content/StarterContent/Particles/P_Explosion.uasset" 26
"../../../Arcanum/Content/StarterContent/Blueprints/Blueprint_Effect_Explosion.uasset" 27
"../../../Engine/Content/EditorMeshes/ColorCalibrator/T_ColorGrid.uasset" 28
"../../../Arcanum/Content/StarterContent/Materials/M_ColorGrid_LowSpec.uasset" 29
"../../../Arcanum/Content/StarterContent/Textures/T_Bush_D.uasset" 30
"../../../Arcanum/Content/StarterContent/Textures/T_Bush_N.uasset" 31
"../../../Arcanum/Content/StarterContent/Props/Materials/M_Bush.uasset" 32
"../../../Arcanum/Content/StarterContent/Props/SM_Bush.uasset" 33
"../../../Arcanum/Content/StarterContent/Textures/T_Chair_M.uasset" 34
"../../../Arcanum/Content/StarterContent/Textures/T_Chair_N.uasset" 35
"../../../Arcanum/Content/StarterContent/Props/Materials/M_Chair.uasset" 36
"../../../Arcanum/Content/StarterContent/Props/SM_Couch.uasset" 37
"../../../Arcanum/Content/StarterContent/Materials/M_Glass.uasset" 38
"../../../Arcanum/Content/StarterContent/Textures/T_Door_M.uasset" 39
"../../../Arcanum/Content/StarterContent/Textures/T_Door_N.uasset" 40
"../../../Arcanum/Content/StarterContent/Props/Materials/M_Door.uasset" 41
"../../../Arcanum/Content/StarterContent/Props/SM_Door.uasset" 42
"../../../Arcanum/Content/StarterContent/Props/Materials/M_MaterialSphere.uasset" 43
"../../../Arcanum/Content/StarterContent/Props/Materials/M_MaterialSphere_Plain.uasset" 44
"../../../Arcanum/Content/StarterContent/Props/SM_MatPreviewMesh_02.uasset" 45
"../../../Engine/Content/Functions/Engine_MaterialFunctions02/Utility/BlendAngleCorrectedNormals.uasset" 46
"../../../Arcanum/Content/StarterContent/Textures/T_Detail_Rocky_N.uasset" 47
"../../../Arcanum/Content/StarterContent/Textures/T_Rock_Basalt_D.uasset" 48
"../../../Arcanum/Content/StarterContent/Textures/T_RockMesh_M.uasset" 49
"../../../Arcanum/Content/StarterContent/Textures/T_RockMesh_N.uasset" 50
"../../../Arcanum/Content/StarterContent/Props/Materials/M_Rock.uasset" 51
"../../../Arcanum/Content/StarterContent/Props/SM_Rock.uasset" 52
"../../../Arcanum/Content/StarterContent/Textures/T_Shelf_M.uasset" 53
"../../../Arcanum/Content/StarterContent/Textures/T_Shelf_N.uasset" 54
"../../../Arcanum/Content/StarterContent/Props/Materials/M_Shelf.uasset" 55
"../../../Arcanum/Content/StarterContent/Props/SM_Shelf.uasset" 56
"../../../Arcanum/Content/StarterContent/Materials/M_Basic_Floor.uasset" 57
"../../../Arcanum/Content/StarterContent/Props/SM_Stairs.uasset" 58
"../../../Arcanum/Content/StarterContent/Shapes/Shape_Cone.uasset" 59
"../../../Arcanum/Content/StarterContent/Shapes/Shape_Cylinder.uasset" 60
"../../../Arcanum/Content/StarterContent/Shapes/Shape_NarrowCapsule.uasset" 61
"../../../Arcanum/Content/StarterContent/Shapes/Shape_Pipe.uasset" 62
"../../../Arcanum/Content/StarterContent/Shapes/Shape_Pipe_180.uasset" 63
"../../../Arcanum/Content/StarterContent/Shapes/Shape_Pipe_90.uasset" 64
"../../../Arcanum/Content/StarterContent/Shapes/Shape_Plane.uasset" 65
"../../../Arcanum/Content/StarterContent/Shapes/Shape_Torus.uasset" 66
"../../../Arcanum/Content/StarterContent/Shapes/Shape_Trim.uasset" 67
"../../../Arcanum/Content/StarterContent/Shapes/Shape_Trim_90_In.uasset" 68
"../../../Arcanum/Content/StarterContent/Shapes/Shape_Trim_90_Out.uasset" 69
"../../../Arcanum/Content/StarterContent/Shapes/Shape_TriPyramid.uasset" 70
"../../../Arcanum/Content/StarterContent/Shapes/Shape_Tube.uasset" 71
"../../../Arcanum/Content/StarterContent/Shapes/Shape_Wedge_A.uasset" 72
"../../../Arcanum/Content/StarterContent/Shapes/Shape_Wedge_B.uasset" 73
"../../../Arcanum/Content/StarterContent/Shapes/Shape_WideCapsule.uasset" 74
"../../../Arcanum/Content/ThirdPerson/Meshes/RampMaterial.uasset" 75
"../../../Arcanum/Content/ThirdPerson/Meshes/Bump_StaticMesh.uasset" 76
"../../../Arcanum/Content/ThirdPerson/Meshes/LeftArm_StaticMesh.uasset" 77
"../../../Arcanum/Content/ThirdPerson/Meshes/Linear_Stair_StaticMesh.uasset" 78
"../../../Arcanum/Content/ThirdPerson/Meshes/Ramp_StaticMesh.uasset" 79
"../../../Arcanum/Content/ThirdPerson/Meshes/RightArm_StaticMesh.uasset" 80
"../../../Arcanum/Content/Mannequin/Animations/ThirdPerson_Jump.uasset" 81
"../../../Arcanum/Content/Mannequin/Animations/ThirdPersonJump_Loop.uasset" 82
"../../../Arcanum/Content/Mannequin/Animations/ThirdPersonJump_Start.uasset" 83
"../../../Arcanum/Content/Mannequin/Animations/ThirdPersonIdle.uasset" 84
"../../../Arcanum/Content/Mannequin/Animations/ThirdPersonRun.uasset" 85
"../../../Arcanum/Content/Mannequin/Animations/ThirdPersonWalk.uasset" 86
"../../../Arcanum/Content/Mannequin/Animations/ThirdPerson_IdleRun_2D.uasset" 87
"../../../Engine/Content/EditorBlueprintResources/StandardMacros.uasset" 88
"../../../Arcanum/Content/Mannequin/Animations/ThirdPerson_AnimBP.uasset" 89
"../../../Arcanum/Content/ThirdPersonBP/Blueprints/Player/ArcaGameInstance.uasset" 90
"../../../Arcanum/Content/ThirdPersonBP/Blueprints/Player/SpellCasting.uasset" 91
"../../../Arcanum/Content/ThirdPersonBP/Blueprints/Player/SpellSlot.uasset" 92
"../../../Arcanum/Content/ThirdPersonBP/Blueprints/Materials/Icones/barriere.uasset" 93
"../../../Arcanum/Content/ThirdPersonBP/Blueprints/Materials/Icones/blink.uasset" 94
"../../../Arcanum/Content/ThirdPersonBP/Blueprints/Materials/Icones/fireball.uasset" 95
"../../../Arcanum/Content/ThirdPersonBP/Blueprints/Materials/Icones/gravity.uasset" 96
"../../../Arcanum/Content/ThirdPersonBP/Blueprints/Materials/Icones/haste.uasset" 97
"../../../Arcanum/Content/ThirdPersonBP/Blueprints/Materials/Icones/nova.uasset" 98
"../../../Arcanum/Content/ThirdPersonBP/Blueprints/Materials/Icones/splitter.uasset" 99
"../../../Arcanum/Content/ThirdPersonBP/Blueprints/Player/CastMod.uasset" 100
"../../../Arcanum/Content/ThirdPersonBP/Blueprints/Player/UI/PlayerUI.uasset" 101
"../../../Arcanum/Content/ThirdPersonBP/Blueprints/Player/ArcaPlayerController.uasset" 102
"../../../Arcanum/Content/StarterContent/Shapes/Shape_Sphere.uasset" 103
"../../../Arcanum/Content/ThirdPersonBP/Blueprints/Spells/ISpell.uasset" 104
"../../../Arcanum/Content/StarterContent/Textures/T_Fire_Tiled_D.uasset" 105
"../../../Arcanum/Content/ThirdPersonBP/Blueprints/Materials/GTFreeMaterials/Textures/Rock_JaggedCaveWall/Rock_JaggedCaveWall_2k_alb.uasset" 106
"../../../Arcanum/Content/ThirdPersonBP/Blueprints/Materials/GTFreeMaterials/Textures/Rock_JaggedCaveWall/Rock_JaggedCaveWall_2k_g.uasset" 107
"../../../Arcanum/Content/ThirdPersonBP/Blueprints/Materials/GTFreeMaterials/Textures/Rock_JaggedCaveWall/Rock_JaggedCaveWall_2k_h.uasset" 108
"../../../Arcanum/Content/ThirdPersonBP/Blueprints/Materials/GTFreeMaterials/Textures/Rock_JaggedCaveWall/Rock_JaggedCaveWall_2k_n.uasset" 109
"../../../Arcanum/Content/ThirdPersonBP/Blueprints/Materials/GTFreeMaterials/Textures/T_MacroVariation2.uasset" 110
"../../../Arcanum/Content/ThirdPersonBP/Blueprints/Materials/GTFreeMaterials/Materials/M_RockLava.uasset" 111
"../../../Arcanum/Content/ThirdPersonBP/Blueprints/Spells/FireBall.uasset" 112
"../../../Arcanum/Content/ThirdPersonBP/Blueprints/Materials/M_Gravity.uasset" 113
"../../../Arcanum/Content/ThirdPersonBP/Blueprints/Spells/Gravity.uasset" 114
"../../../Arcanum/Content/ThirdPersonBP/Blueprints/Materials/ForceRing/Mat_Functions/Lu_RadialGradient.uasset" 115
"../../../Arcanum/Content/ThirdPersonBP/Blueprints/Materials/ForceRing/Materials/M_Basic_Dots.uasset" 116
"../../../Arcanum/Content/ThirdPersonBP/Blueprints/Materials/Haste.uasset" 117
"../../../Arcanum/Content/ThirdPersonBP/Blueprints/Spells/Haste.uasset" 118
"../../../Arcanum/Content/StarterContent/Textures/T_Tech_Hex_Tile_N.uasset" 119
"../../../Arcanum/Content/StarterContent/Textures/T_Water_M.uasset" 120
"../../../Arcanum/Content/ThirdPersonBP/Blueprints/Materials/M_VoidDot.uasset" 121
"../../../Arcanum/Content/ThirdPersonBP/Blueprints/Spells/SplitterChildren.uasset" 122
"../../../Arcanum/Content/ThirdPersonBP/Blueprints/Spells/Splitter.uasset" 123
"../../../Arcanum/Content/StarterContent/Textures/T_Rock_Basalt_N.uasset" 124
"../../../Arcanum/Content/ThirdPersonBP/Blueprints/Materials/M_Lava.uasset" 125
"../../../Engine/Content/Functions/MaterialLayerFunctions/MatLayerBlend_NormalBlend.uasset" 126
"../../../Engine/Content/Functions/MaterialLayerFunctions/MatLayerBlend_Simple.uasset" 127
"../../../Arcanum/Content/Mannequin/Character/Materials/MaterialLayers/T_ML_Rubber_Blue_01_D.uasset" 128
"../../../Arcanum/Content/Mannequin/Character/Materials/MaterialLayers/T_ML_Rubber_Blue_01_N.uasset" 129
"../../../Arcanum/Content/Mannequin/Character/Materials/MaterialLayers/ML_GlossyBlack_Latex_UE4.uasset" 130
"../../../Arcanum/Content/Mannequin/Character/Materials/MaterialLayers/ML_Plastic_Shiny_Beige.uasset" 131
"../../../Arcanum/Content/Mannequin/Character/Textures/UE4_LOGO_CARD.uasset" 132
"../../../Arcanum/Content/Mannequin/Character/Materials/MaterialLayers/ML_Plastic_Shiny_Beige_LOGO.uasset" 133
"../../../Arcanum/Content/Mannequin/Character/Materials/MaterialLayers/T_ML_Aluminum01.uasset" 134
"../../../Arcanum/Content/Mannequin/Character/Materials/MaterialLayers/T_ML_Aluminum01_N.uasset" 135
"../../../Arcanum/Content/Mannequin/Character/Materials/MaterialLayers/ML_SoftMetal_UE4.uasset" 136
"../../../Arcanum/Content/Mannequin/Character/Textures/UE4_Mannequin__normals.uasset" 137
"../../../Arcanum/Content/Mannequin/Character/Textures/UE4_Mannequin_MAT_MASKA.uasset" 138
"../../../Arcanum/Content/Mannequin/Character/Materials/M_UE4Man_Body.uasset" 139
"../../../Arcanum/Content/Mannequin/Character/Textures/UE4Man_Logo_N.uasset" 140
"../../../Arcanum/Content/Mannequin/Character/Materials/M_UE4Man_ChestLogo.uasset" 141
"../../../Arcanum/Content/Mannequin/Character/Mesh/SK_Mannequin_PhysicsAsset.uasset" 142
"../../../Arcanum/Content/Mannequin/Character/Mesh/SK_Mannequin.uasset" 143
"../../../Engine/Content/EngineMaterials/DefaultDiffuse.uasset" 144
"../../../Arcanum/Content/ThirdPersonBP/Blueprints/Materials/ForceRing/Mat_Functions/Luos_RadialUVDistortion.uasset" 145
"../../../Arcanum/Content/ThirdPersonBP/Blueprints/Materials/ForceRing/Textures/T_GlowIceShimmer01.uasset" 146
"../../../Arcanum/Content/ThirdPersonBP/Blueprints/Materials/ForceRing/Textures/T_RingNoiseMask_01.uasset" 147
"../../../Arcanum/Content/ThirdPersonBP/Blueprints/Materials/ForceRing/Textures/T_Trail_Ramp_C.uasset" 148
"../../../Arcanum/Content/ThirdPersonBP/Blueprints/Materials/ForceRing/Materials/M_VFX_RingFX_01.uasset" 149
"../../../Engine/Content/Functions/Engine_MaterialFunctions01/Opacity/CameraDepthFade.uasset" 150
"../../../Engine/Content/EngineMaterials/T_Default_Material_Grid_M.uasset" 151
"../../../Engine/Content/EngineMaterials/T_Default_Material_Grid_N.uasset" 152
"../../../Engine/Content/EngineMaterials/WorldGridMaterial.uasset" 153
"../../../Arcanum/Content/ThirdPersonBP/Blueprints/Materials/ForceRing/StaticMeshes/SM_RingVFX_01.uasset" 154
"../../../Arcanum/Content/ThirdPersonBP/Blueprints/Materials/ForceRing/VectorFields/noise94.uasset" 155
"../../../Arcanum/Content/ThirdPersonBP/Blueprints/Materials/ForceRing/ParticleSystems/Par_VFX_Ring_01.uasset" 156
"../../../Arcanum/Content/ThirdPersonBP/Blueprints/Materials/P_Splitter.uasset" 157
"../../../Arcanum/Content/ThirdPersonBP/Blueprints/Player/LaunchMod.uasset" 158
"../../../Arcanum/Content/ThirdPersonBP/Blueprints/Player/Player.uasset" 159
"../../../Engine/Content/EngineMaterials/DefaultMaterial.uasset" 160
"../../../Engine/Content/BasicShapes/Sphere.uasset" 161
"../../../Arcanum/Content/ThirdPersonBP/Blueprints/Debug/DebugBall.uasset" 162
"../../../Arcanum/Content/StarterContent/Textures/T_Fire_SubUV.uasset" 163
"../../../Arcanum/Content/StarterContent/Particles/Materials/M_Fire_SubUV.uasset" 164
"../../../Arcanum/Content/ThirdPersonBP/Blueprints/Materials/P_FireBall.uasset" 165
"../../../Arcanum/Content/ThirdPersonBP/Blueprints/Debug/Launcher.uasset" 166
"../../../Arcanum/Content/ThirdPersonBP/Blueprints/Debug/NewBlueprint.uasset" 167
"../../../Arcanum/Content/StarterContent/Textures/T_Tech_Hex_Tile_M.uasset" 168
"../../../Arcanum/Content/ThirdPersonBP/Blueprints/Materials/M_Shield.uasset" 169
"../../../Engine/Content/EngineMaterials/OrientParticle.uasset" 170
"../../../Engine/Content/EngineMaterials/DefaultParticle.uasset" 171
"../../../Arcanum/Content/ThirdPersonBP/Blueprints/Materials/P_tp.uasset" 172
"../../../Arcanum/Content/ThirdPersonBP/Blueprints/Materials/ForceRing/ParticleSystems/Par_VFX_Ring_02.uasset" 173
"../../../Arcanum/Content/ThirdPersonBP/Blueprints/Materials/ForceRing/StaticMeshes/SM_PlayerSize.uasset" 174
"../../../Arcanum/Content/ThirdPersonBP/Blueprints/Materials/GTFreeMaterials/Textures/Rock_HoleyWall/Rock_HoleyWall_2k_alb2.uasset" 175
"../../../Arcanum/Content/ThirdPersonBP/Blueprints/Materials/GTFreeMaterials/Textures/Rock_HoleyWall/Rock_HoleyWall_2k_ao.uasset" 176
"../../../Arcanum/Content/ThirdPersonBP/Blueprints/Materials/GTFreeMaterials/Textures/Rock_HoleyWall/Rock_HoleyWall_2k_g.uasset" 177
"../../../Arcanum/Content/ThirdPersonBP/Blueprints/Materials/GTFreeMaterials/Textures/Rock_HoleyWall/Rock_HoleyWall_2k_h.uasset" 178
"../../../Arcanum/Content/ThirdPersonBP/Blueprints/Materials/GTFreeMaterials/Textures/Rock_HoleyWall/Rock_HoleyWall_2k_n.uasset" 179
"../../../Arcanum/Content/ThirdPersonBP/Blueprints/Materials/GTFreeMaterials/Materials/Rock_HoleyWall.uasset" 180
"../../../Arcanum/Content/ThirdPersonBP/Blueprints/Materials/GTFreeMaterials/Materials/Rock_JaggedCaveWall.uasset" 181
"../../../Engine/Content/BasicShapes/BasicShapeMaterial.uasset" 182
"../../../Engine/Content/BasicShapes/Cube.uasset" 183
"../../../Arcanum/Content/ThirdPersonBP/Blueprints/Spells/Test.uasset" 184
"../../../Arcanum/Content/ThirdPersonBP/Maps/ThirdPersonExampleMap_BuiltData.uasset" 185
"../../../Engine/Content/BasicShapes/Cone.uasset" 186
"../../../Engine/Content/BasicShapes/Cylinder.uasset" 187
"../../../Engine/Content/BasicShapes/Plane.uasset" 188
"../../../Engine/Content/EditorLandscapeResources/DataLayer.uasset" 189
"../../../Engine/Content/EditorMaterials/GizmoMaterial.uasset" 190
"../../../Engine/Content/EditorMaterials/MAT_Groups_Toggle.uasset" 191
"../../../Engine/Content/EditorMaterials/MAT_Groups_Visibility.uasset" 192
"../../../Engine/Content/EditorMaterials/PreviewShadowIndicator.uasset" 193
"../../../Engine/Content/EditorMaterials/PreviewShadowIndicatorMaterial.uasset" 194
"../../../Engine/Content/EditorMaterials/AssetViewer/EpicQuadPanorama_CC+EV1.uasset" 195
"../../../Engine/Content/EditorMaterials/MatineeGroups/MAT_ColorTrack.uasset" 196
"../../../Engine/Content/EditorMaterials/MatineeGroups/MAT_Groups_Anim.uasset" 197
"../../../Engine/Content/EditorMaterials/MatineeGroups/MAT_Groups_AudioMaster.uasset" 198
"../../../Engine/Content/EditorMaterials/MatineeGroups/MAT_Groups_Director.uasset" 199
"../../../Engine/Content/EditorMaterials/MatineeGroups/MAT_Groups_Event.uasset" 200
"../../../Engine/Content/EditorMaterials/MatineeGroups/MAT_Groups_Fade.uasset" 201
"../../../Engine/Content/EditorMaterials/MatineeGroups/MAT_Groups_Float.uasset" 202
"../../../Engine/Content/EditorMaterials/MatineeGroups/MAT_Groups_Move.uasset" 203
"../../../Engine/Content/EditorMaterials/MatineeGroups/MAT_Groups_Slomo.uasset" 204
"../../../Engine/Content/EditorMaterials/MatineeGroups/MAT_Groups_Sound.uasset" 205
"../../../Engine/Content/EditorMaterials/MatineeGroups/MAT_Groups_Vector.uasset" 206
"../../../Engine/Content/EditorMaterials/ParticleSystems/PSysThumbnail_NoImage.uasset" 207
"../../../Engine/Content/EditorMaterials/ParticleSystems/PSysThumbnail_OOD.uasset" 208
"../../../Engine/Content/EditorMaterials/Camera/CineMat.uasset" 209
"../../../Engine/Content/EditorMaterials/Camera/MI_CineMat_Rig.uasset" 210
"../../../Engine/Content/EditorMeshes/Camera/SM_CraneRig_Arm.uasset" 211
"../../../Engine/Content/EditorMeshes/Camera/SM_CraneRig_Base.uasset" 212
"../../../Engine/Content/EditorMeshes/Camera/SM_CraneRig_Body.uasset" 213
"../../../Engine/Content/EditorMeshes/Camera/SM_CraneRig_Mount.uasset" 214
"../../../Engine/Content/EditorMeshes/Camera/SM_RailRig_Mount.uasset" 215
"../../../Engine/Content/EditorMeshes/Camera/SM_RailRig_Track.uasset" 216
"../../../Engine/Content/EditorResources/BSPVertex.uasset" 217
"../../../Engine/Content/EditorResources/EmptyActor.uasset" 218
"../../../Engine/Content/EditorResources/S_Actor.uasset" 219
"../../../Engine/Content/EditorResources/S_Trigger.uasset" 220
"../../../Engine/Content/EditorResources/AudioIcons/S_AudioComponent.uasset" 221
"../../../Engine/Content/EditorResources/AudioIcons/S_AudioComponent_AutoActivate.uasset" 222
"../../../Engine/Content/EditorResources/LightIcons/S_LightError.uasset" 223
"../../../Engine/Content/EditorResources/SequenceRecorder/Countdown.uasset" 224
"../../../Engine/Content/EditorResources/SequenceRecorder/RecordingIndicator.uasset" 225
"../../../Engine/Content/EditorSounds/Notifications/CompileFailed.uasset" 226
"../../../Engine/Content/EditorSounds/Notifications/CompileFailed_Cue.uasset" 227
"../../../Engine/Content/EditorSounds/Notifications/CompileSuccess.uasset" 228
"../../../Engine/Content/EditorSounds/Notifications/CompileStart_Cue.uasset" 229
"../../../Engine/Content/EditorSounds/Notifications/CompileSuccess_Cue.uasset" 230
"../../../Engine/Content/EngineDamageTypes/DmgTypeBP_Environmental.uasset" 231
"../../../Engine/Content/EngineDebugMaterials/HeatmapGradient.uasset" 232
"../../../Engine/Content/EngineDebugMaterials/BoneWeightMaterial.uasset" 233
"../../../Engine/Content/EngineDebugMaterials/ClothMaterial.uasset" 234
"../../../Engine/Content/EngineDebugMaterials/ClothMaterial_WF.uasset" 235
"../../../Engine/Content/EngineDebugMaterials/DebugEditorMaterial.uasset" 236
"../../../Engine/Content/EngineDebugMaterials/DebugMeshMaterial.uasset" 237
"../../../Engine/Content/EngineDebugMaterials/GeomMaterial.uasset" 238
"../../../Engine/Content/EngineFonts/Faces/RobotoBold.uasset" 239
"../../../Engine/Content/EngineFonts/Faces/RobotoBoldItalic.uasset" 240
"../../../Engine/Content/EngineFonts/Faces/RobotoItalic.uasset" 241
"../../../Engine/Content/EngineFonts/Faces/RobotoLight.uasset" 242
"../../../Engine/Content/EngineFonts/Faces/RobotoRegular.uasset" 243
"../../../Engine/Content/EngineFonts/Roboto.uasset" 244
"../../../Engine/Content/EngineFonts/Faces/RobotoTiny.uasset" 245
"../../../Engine/Content/EngineFonts/RobotoTiny.uasset" 246
"../../../Engine/Content/EngineMaterials/DefaultBloomKernel.uasset" 247
"../../../Engine/Content/EngineMaterials/DefaultBokeh.uasset" 248
"../../../Engine/Content/EngineMaterials/DefaultDeferredDecalMaterial.uasset" 249
"../../../Engine/Content/EngineMaterials/DefaultLightFunctionMaterial.uasset" 250
"../../../Engine/Content/EngineMaterials/DefaultPhysicalMaterial.uasset" 251
"../../../Engine/Content/Functions/Engine_MaterialFunctions02/Utility/BreakOutFloat2Components.uasset" 252
"../../../Engine/Content/EngineMaterials/DefaultPostProcessMaterial.uasset" 253
"../../../Engine/Content/EngineFonts/RobotoDistanceField.uasset" 254
"../../../Engine/Content/EngineMaterials/DefaultTextMaterialOpaque.uasset" 255
"../../../Engine/Content/EngineMaterials/DefaultWhiteGrid.uasset" 256
"../../../Engine/Content/EngineMaterials/EditorBrushMaterial.uasset" 257
"../../../Engine/Content/EngineMaterials/Good64x64TilingNoiseHighFreq.uasset" 258
"../../../Engine/Content/EngineMaterials/MiniFont.uasset" 259
"../../../Engine/Content/EngineMaterials/InvalidLightmapSettings.uasset" 260
"../../../Engine/Content/EngineMaterials/M_InvalidLightmapSettings.uasset" 261
"../../../Engine/Content/EngineMaterials/PhAT_JointLimitMaterial.uasset" 262
"../../../Engine/Content/EngineMaterials/PreintegratedSkinBRDF.uasset" 263
"../../../Engine/Content/EngineMaterials/RemoveSurfaceMaterial.uasset" 264
"../../../Engine/Content/EngineMaterials/WeightMapPlaceholderTexture.uasset" 265
"../../../Engine/Content/EngineResources/WhiteSquareTexture.uasset" 266
"../../../Engine/Content/EngineMaterials/Widget3DPassThrough.uasset" 267
"../../../Engine/Content/EngineMaterials/Widget3DPassThrough_Masked.uasset" 268
"../../../Engine/Content/EngineMaterials/Widget3DPassThrough_Opaque.uasset" 269
"../../../Engine/Content/EngineMaterials/Widget3DPassThrough_Masked_OneSided.uasset" 270
"../../../Engine/Content/EngineMaterials/Widget3DPassThrough_Opaque_OneSided.uasset" 271
"../../../Engine/Content/EngineMaterials/Widget3DPassThrough_Translucent.uasset" 272
"../../../Engine/Content/EngineMaterials/Widget3DPassThrough_Translucent_OneSided.uasset" 273
"../../../Engine/Content/EngineMeshes/Cube.uasset" 274
"../../../Engine/Content/EngineMeshes/Cylinder.uasset" 275
"../../../Engine/Content/EngineMeshes/Sphere.uasset" 276
"../../../Engine/Content/EngineResources/Black.uasset" 277
"../../../Engine/Content/EngineResources/DefaultTexture.uasset" 278
"../../../Engine/Content/EngineResources/DefaultTextureCube.uasset" 279
"../../../Engine/Content/EngineResources/GradientTexture0.uasset" 280
"../../../Engine/Content/EngineSounds/Master.uasset" 281
"../../../Engine/Content/Functions/Engine_MaterialFunctions01/Shading/ConvertFromDiffSpec.uasset" 282
"../../../Engine/Content/Functions/Engine_MaterialFunctions01/Shading/PowerToRoughness.uasset" 283
"../../../Engine/Content/Maps/Templates/Thumbnails/Default.uasset" 284
"../../../Engine/Content/Maps/Templates/Thumbnails/VR-Basic.uasset" 285
"../../../Engine/Content/MobileResources/T_MobileControls_texture.uasset" 286
"../../../Engine/Content/MobileResources/T_MobileMenu2.uasset" 287
"../../../Engine/Content/MobileResources/HUD/AnalogHat.uasset" 288
"../../../Engine/Content/MobileResources/HUD/VirtualJoystick_Background.uasset" 289
"../../../Engine/Content/MobileResources/HUD/VirtualJoystick_Thumb.uasset" 290
"../../../Engine/Content/MobileResources/HUD/DefaultVirtualJoysticks.uasset" 291
"../../../Engine/Content/MobileResources/HUD/LeftVirtualJoystickOnly.uasset" 292
"../../../Engine/Content/MobileResources/HUD/MobileHUDButton1_off.uasset" 293
"../../../Engine/Content/MobileResources/HUD/MobileHUDButton1_on.uasset" 294
"../../../Engine/Content/MobileResources/HUD/MobileHUDButton2_off.uasset" 295
"../../../Engine/Content/MobileResources/HUD/MobileHUDButton2_on.uasset" 296
"../../../Engine/Content/MobileResources/HUD/MobileHUDButton3.uasset" 297
"../../../Engine/Content/MobileResources/HUD/MobileHUDButtonFire.uasset" 298
"../../../Engine/Content/MobileResources/HUD/MobileHUDDirectionPad.uasset" 299
"../../../Engine/Content/MobileResources/HUD/MobileHUDDirectionPad2.uasset" 300
"../../../Engine/Content/MobileResources/HUD/MobileHUDDirectionPad3.uasset" 301
"../../../Engine/Content/MobileResources/HUD/MobileHUDDirectionStick.uasset" 302
"../../../Engine/Content/MobileResources/HUD/T_Castle_ThumbstickInner.uasset" 303
"../../../Engine/Content/MobileResources/HUD/T_Castle_ThumbstickOutter.uasset" 304
"../../../Engine/Content/Tutorial/ContentIntroCurve.uasset" 305
"../../../Engine/Content/Tutorial/Basics/TutorialAssets/icon_tab_Levels_40x.uasset" 306
"../../../Engine/Content/Tutorial/BlueprintTutorials/TutorialAssets/BlueprintInterface_64x.uasset" 307
"../../../Engine/Content/Tutorial/BlueprintTutorials/TutorialAssets/BlueprintMacroLibrary_64x.uasset" 308
"../../../Engine/Content/Tutorial/BlueprintTutorials/TutorialAssets/Blueprint_64x.uasset" 309
"../../../Engine/Content/Tutorial/BlueprintTutorials/TutorialAssets/Tutorial_BP_Interface.uasset" 310
"../../../Engine/Content/Tutorial/Foliage/TutorialAssets/Foliage.uasset" 311
"../../../Engine/Content/Tutorial/Landscape/TutorialAssets/Landscape.uasset" 312
"../../../Engine/Content/Tutorial/Paper2D/TutorialAssets/Paper2DFlipbook_TutorialIcon.uasset" 313
"../../../Engine/Content/Tutorial/Paper2D/TutorialAssets/Paper2DSprite_TutorialIcon.uasset" 314
"../../../Engine/Content/Tutorial/SubEditors/TutorialAssets/icon_Editor_Preferences_General_40x.uasset" 315
"../../../Engine/Content/Tutorial/SubEditors/TutorialAssets/icon_ShowSkeletalMeshes_40x.uasset" 316
"../../../Engine/Content/Tutorial/SubEditors/TutorialAssets/TutorialMaterial.uasset" 317
"../../../Engine/Content/Tutorial/SubEditors/TutorialAssets/T_SmokeSubUV_8X8.uasset" 318
"../../../Engine/Content/Tutorial/SubEditors/TutorialAssets/T_soft_smoke.uasset" 319
"../../../Engine/Content/Tutorial/SubEditors/TutorialAssets/M_smoke_subUV_blackbody.uasset" 320
"../../../Engine/Content/Tutorial/SubEditors/TutorialAssets/TutorialParticleSystem.uasset" 321
"../../../Engine/Content/EditorMeshes/EditorCube.uasset" 322
"../../../Engine/Content/Tutorial/SubEditors/TutorialAssets/Tutorial_DM.uasset" 323
"../../../Engine/Content/VREditor/Devices/Generic/GenericHMDMaterial.uasset" 324
"../../../Engine/Content/VREditor/Devices/Generic/GenericHMD.uasset" 325
"../../../Engine/Content/VREditor/FloatingText/LineMaterial.uasset" 326
"../../../Engine/Content/VREditor/FloatingText/JointSphere.uasset" 327
"../../../Engine/Content/VREditor/FloatingText/LineSegmentCylinder.uasset" 328
"../../../Engine/Content/VREditor/Fonts/VRText_RobotoLarge.uasset" 329
"../../../Engine/Content/VREditor/Fonts/VRTextMaterial.uasset" 330
"../../../Engine/Content/VREditor/Fonts/TranslucentVRTextMaterial.uasset" 331
"../../../Engine/Content/VREditor/LaserPointer/CursorPointer.uasset" 332
"../../../Engine/Content/VREditor/LaserPointer/VR_LaserPower_01.uasset" 333
"../../../Engine/Content/VREditor/TransformGizmo/TransformGizmoMaterial.uasset" 334
"../../../Engine/Content/VREditor/LaserPointer/HoverMaterial.uasset" 335
"../../../Engine/Content/VREditor/TransformGizmo/TranslucentTransformGizmoMaterial.uasset" 336
"../../../Engine/Content/VREditor/LaserPointer/TranslucentHoverMaterial.uasset" 337
"../../../Engine/Content/VREditor/LaserPointer/HoverMesh.uasset" 338
"../../../Engine/Content/VREditor/LaserPointer/LaserPointerMaterial.uasset" 339
"../../../Engine/Content/VREditor/LaserPointer/LaserPointerMaterialInst.uasset" 340
"../../../Engine/Content/VREditor/LaserPointer/TranslucentLaserPointerMaterialInst.uasset" 341
"../../../Engine/Content/VREditor/LaserPointer/LaserPointerMesh.uasset" 342
"../../../Engine/Content/VREditor/LaserPointer/LaserPointerMesh_End.uasset" 343
"../../../Engine/Content/VREditor/LaserPointer/LaserPointerMesh_Start.uasset" 344
"../../../Engine/Content/Functions/Engine_MaterialFunctions02/Utility/BreakOutFloat3Components.uasset" 345
"../../../Engine/Content/Functions/Engine_MaterialFunctions02/Math/Transform3x3Matrix.uasset" 346
"../../../Engine/Content/Functions/Engine_MaterialFunctions02/SplitComponents.uasset" 347
"../../../Engine/Content/Functions/Engine_MaterialFunctions02/Utility/MakeFloat3.uasset" 348
"../../../Engine/Content/VREditor/SnapGrid/SnapGridMaterial.uasset" 349
"../../../Engine/Content/VREditor/SnapGrid/SnapGridPlaneMesh.uasset" 350
"../../../Engine/Content/VREditor/Sounds/VR_teleport.uasset" 351
"../../../Engine/Content/VREditor/Sounds/UI/Click_on_Button_Cue.uasset" 352
"../../../Engine/Content/VREditor/Sounds/UI/Dockable_Window_Close.uasset" 353
"../../../Engine/Content/VREditor/Sounds/UI/Dockable_Window_Drop.uasset" 354
"../../../Engine/Content/VREditor/Sounds/UI/Dockable_Window_Open.uasset" 355
"../../../Engine/Content/VREditor/Sounds/UI/Dockable_Window_Pick_Up.uasset" 356
"../../../Engine/Content/VREditor/Sounds/UI/Drop_Item_From_ContentBrowser.uasset" 357
"../../../Engine/Content/VREditor/Sounds/UI/Floating_UI_Open-001.uasset" 358
"../../../Engine/Content/VREditor/Sounds/UI/Gizmo_Handle_Clicked.uasset" 359
"../../../Engine/Content/VREditor/Sounds/UI/Object_PickUp.uasset" 360
"../../../Engine/Content/VREditor/Sounds/UI/Object_Snaps_To_Another_Actor.uasset" 361
"../../../Engine/Content/VREditor/Sounds/UI/Object_Snaps_To_Grid.uasset" 362
"../../../Engine/Content/VREditor/Sounds/UI/Radial_Menu_FadeOut.uasset" 363
"../../../Engine/Content/VREditor/Sounds/UI/Scaling_Down.uasset" 364
"../../../Engine/Content/VREditor/Sounds/UI/Scaling_Up.uasset" 365
"../../../Engine/Content/VREditor/Sounds/UI/Selection_Changes.uasset" 366
"../../../Engine/Content/VREditor/Sounds/UI/Teleport_Mode_Entered.uasset" 367
"../../../Engine/Content/VREditor/Teleport/TeleportDirectionMaterial.uasset" 368
"../../../Engine/Content/VREditor/Teleport/TeleportDirectionMaterial_Inst.uasset" 369
"../../../Engine/Content/VREditor/Teleport/TeleportDirectionMesh.uasset" 370
"../../../Engine/Content/VREditor/TransformGizmo/BoundingBoxCorner.uasset" 371
"../../../Engine/Content/VREditor/TransformGizmo/BoundingBoxEdge.uasset" 372
"../../../Engine/Content/VREditor/TransformGizmo/PlaneTranslationHandle.uasset" 373
"../../../Engine/Content/VREditor/TransformGizmo/RotationHandleFull.uasset" 374
"../../../Engine/Content/VREditor/TransformGizmo/RotationHandleIndicator.uasset" 375
"../../../Engine/Content/VREditor/TransformGizmo/RotationHandleQuarter.uasset" 376
"../../../Engine/Content/VREditor/TransformGizmo/Main.uasset" 377
"../../../Engine/Content/VREditor/TransformGizmo/Xray.uasset" 378
"../../../Engine/Content/VREditor/TransformGizmo/SM_Dialog_Close.uasset" 379
"../../../Engine/Content/VREditor/TransformGizmo/SM_Dialog_Move.uasset" 380
"../../../Engine/Content/VREditor/TransformGizmo/SM_Sequencer_Key.uasset" 381
"../../../Engine/Content/VREditor/TransformGizmo/StartRotationHandleIndicator.uasset" 382
"../../../Engine/Content/VREditor/TransformGizmo/TranslucentTransformGizmoMaterial_Inst.uasset" 383
"../../../Engine/Content/VREditor/TransformGizmo/TransformGizmoFreeRotation.uasset" 384
"../../../Engine/Content/VREditor/TransformGizmo/TransformGizmoMaterial_Inst.uasset" 385
"../../../Engine/Content/VREditor/TransformGizmo/TranslateArrowHandle.uasset" 386
"../../../Engine/Content/VREditor/TransformGizmo/UniformScaleHandle.uasset" 387
"../../../Engine/Content/VREditor/UI/KeyDiskMaterial.uasset" 388
"../../../Engine/Content/VREditor/UI/DiscMaterial.uasset" 389
"../../../Engine/Content/VREditor/UI/SM_Radial_Disk.uasset" 390
"../../../Engine/Content/VREditor/WorldMovementGrid/SimpleGrid.uasset" 391
"../../../Engine/Content/VREditor/WorldMovementGrid/GridMaterial.uasset" 392
"../../../Engine/Content/Functions/Engine_MaterialFunctions01/Density/ExponentialDensity.uasset" 393
"../../../Engine/Content/VREditor/WorldMovementGrid/GridPostProcess.uasset" 394
"../../../Engine/Content/EditorLandscapeResources/FlattenHeightMat.uasset" 395
"../../../Engine/Content/VREditor/WorldMovementGrid/PlaneMesh.uasset" 396
"../../../Engine/Plugins/2D/Paper2D/Content/PlaceholderTextures/DummySpriteTexture.uasset" 397
"../../../Engine/Plugins/2D/Paper2D/Content/DummySprite.uasset" 398
"../../../Engine/Plugins/2D/Paper2D/Content/DefaultPaperTerrainMaterial.uasset" 399
"../../../Engine/Plugins/2D/Paper2D/Content/DefaultSpriteMaterial.uasset" 400
"../../../Engine/Plugins/2D/Paper2D/Content/MaskedUnlitSpriteMaterial.uasset" 401
"../../../Engine/Plugins/2D/Paper2D/Content/OpaqueUnlitSpriteMaterial.uasset" 402
"../../../Engine/Plugins/Runtime/Oculus/OculusVR/Content/Textures/GearVRController_AO.uasset" 403
"../../../Engine/Plugins/Runtime/Oculus/OculusVR/Content/Textures/GearVRController_Color.uasset" 404
"../../../Engine/Plugins/Runtime/Oculus/OculusVR/Content/Textures/GearVRController_Normal.uasset" 405
"../../../Engine/Plugins/Runtime/Oculus/OculusVR/Content/Materials/GearVRControllerMaterial.uasset" 406
"../../../Engine/Plugins/Runtime/Oculus/OculusVR/Content/Meshes/GearVrController.uasset" 407
"../../../Arcanum/Content/StarterContent/Blueprints/Assets/FogBrightnessLUT.uasset" 408
"../../../Arcanum/Content/StarterContent/Blueprints/Assets/SunlightColorLUT.uasset" 409
"../../../Arcanum/Content/StarterContent/Blueprints/Assets/M_LightStage_Arrows.uasset" 410
"../../../Engine/Content/MapTemplates/Sky/DaylightAmbientCubemap.uasset" 411
"../../../Arcanum/Content/StarterContent/Blueprints/Assets/M_LightStage_Skybox_Master.uasset" 412
"../../../Arcanum/Content/StarterContent/Blueprints/Assets/M_LightStage_Skybox_Black.uasset" 413
"../../../Arcanum/Content/StarterContent/Blueprints/Assets/M_LightStage_Skybox_HDRI.uasset" 414
"../../../Engine/Content/EditorMaterials/Thumbnails/SkySphereMaterial.uasset" 415
"../../../Arcanum/Content/StarterContent/Blueprints/Assets/Skybox.uasset" 416
"../../../Arcanum/Content/StarterContent/Blueprints/Assets/SM_Arrows.uasset" 417
"../../../Arcanum/Content/StarterContent/HDRI/HDRI_Epic_Courtyard_Daylight.uasset" 418
"../../../Arcanum/Content/StarterContent/Blueprints/BP_LightStudio.uasset" 419
"../../../Arcanum/Content/StarterContent/Maps/Advanced_Lighting_BuiltData.uasset" 420
"../../../Arcanum/Content/StarterContent/Materials/M_AssetPlatform.uasset" 421
"../../../Engine/Content/EditorMeshes/ColorCalibrator/M_ChromeBall.uasset" 422
"../../../Engine/Content/EditorMeshes/ColorCalibrator/M_ClearCoat.uasset" 423
"../../../Engine/Content/EditorMeshes/ColorCalibrator/M_ClearCoatBlack.uasset" 424
"../../../Engine/Content/EditorMeshes/ColorCalibrator/M_ColorGrid.uasset" 425
"../../../Engine/Content/EditorMeshes/ColorCalibrator/M_GreyBall.uasset" 426
"../../../Engine/Content/EditorMeshes/ColorCalibrator/SM_ColorCalibrator.uasset" 427
"../../../Arcanum/Content/StarterContent/Architecture/SM_AssetPlatform.uasset" 428
"../../../Arcanum/Content/StarterContent/Maps/Advanced_Lighting.umap" 429
"../../../Engine/Content/EngineSky/C_Sky_Cloud_Color.uasset" 430
"../../../Engine/Content/EngineSky/C_Sky_Horizon_Color.uasset" 431
"../../../Engine/Content/EngineSky/C_Sky_Zenith_Color.uasset" 432
"../../../Engine/Content/EngineSky/T_Sky_Blue.uasset" 433
"../../../Engine/Content/EngineSky/T_Sky_Clouds_M.uasset" 434
"../../../Engine/Content/EngineSky/T_Sky_Stars.uasset" 435
"../../../Engine/Content/EngineSky/M_Sky_Panning_Clouds2.uasset" 436
"../../../Engine/Content/EngineSky/SM_SkySphere.uasset" 437
"../../../Engine/Content/EngineSky/BP_Sky_Sphere.uasset" 438
"../../../Arcanum/Content/StarterContent/Maps/Minimal_Default_BuiltData.uasset" 439
"../../../Arcanum/Content/StarterContent/Textures/T_MacroVariation.uasset" 440
"../../../Arcanum/Content/StarterContent/Materials/M_Metal_Brushed_Nickel.uasset" 441
"../../../Arcanum/Content/StarterContent/Textures/T_Metal_Aluminum_D.uasset" 442
"../../../Arcanum/Content/StarterContent/Textures/T_Metal_Gold_N.uasset" 443
"../../../Arcanum/Content/StarterContent/Materials/M_Metal_Burnished_Steel.uasset" 444
"../../../Arcanum/Content/StarterContent/Textures/T_Metal_Copper_D.uasset" 445
"../../../Arcanum/Content/StarterContent/Materials/M_Metal_Copper.uasset" 446
"../../../Arcanum/Content/StarterContent/Textures/T_Statue_M.uasset" 447
"../../../Arcanum/Content/StarterContent/Textures/T_Statue_N.uasset" 448
"../../../Arcanum/Content/StarterContent/Props/Materials/M_StatueGlass.uasset" 449
"../../../Arcanum/Content/StarterContent/Architecture/Floor_400x400.uasset" 450
"../../../Arcanum/Content/StarterContent/Audio/Starter_Background_Cue.uasset" 451
"../../../Arcanum/Content/StarterContent/Props/SM_Chair.uasset" 452
"../../../Arcanum/Content/StarterContent/Props/Materials/M_Statue.uasset" 453
"../../../Arcanum/Content/StarterContent/Props/SM_Statue.uasset" 454
"../../../Arcanum/Content/StarterContent/Textures/T_TableRound_M.uasset" 455
"../../../Arcanum/Content/StarterContent/Textures/T_TableRound_N.uasset" 456
"../../../Arcanum/Content/StarterContent/Props/Materials/M_TableRound.uasset" 457
"../../../Arcanum/Content/StarterContent/Props/SM_TableRound.uasset" 458
"../../../Arcanum/Content/StarterContent/Maps/Minimal_Default.umap" 459
"../../../Arcanum/Content/StarterContent/Audio/Fire01_Cue.uasset" 460
"../../../Arcanum/Content/StarterContent/Textures/T_Water_N.uasset" 461
"../../../Arcanum/Content/StarterContent/Particles/Materials/M_Heat_Distortion.uasset" 462
"../../../Arcanum/Content/StarterContent/Particles/Materials/M_Radial_Gradient.uasset" 463
"../../../Arcanum/Content/StarterContent/Particles/P_Fire.uasset" 464
"../../../Arcanum/Content/StarterContent/Blueprints/Blueprint_Effect_Fire.uasset" 465
"../../../Arcanum/Content/StarterContent/Audio/Smoke01_Cue.uasset" 466
"../../../Arcanum/Content/StarterContent/Particles/P_Smoke.uasset" 467
"../../../Arcanum/Content/StarterContent/Blueprints/Blueprint_Effect_Smoke.uasset" 468
"../../../Arcanum/Content/StarterContent/Audio/Fire_Sparks01_Cue.uasset" 469
"../../../Arcanum/Content/StarterContent/Textures/T_Spark_Core.uasset" 470
"../../../Arcanum/Content/StarterContent/Particles/Materials/M_Spark.uasset" 471
"../../../Arcanum/Content/StarterContent/Particles/P_Sparks.uasset" 472
"../../../Arcanum/Content/StarterContent/Blueprints/Blueprint_Effect_Sparks.uasset" 473
"../../../Arcanum/Content/StarterContent/Audio/Steam01_Cue.uasset" 474
"../../../Arcanum/Content/StarterContent/Particles/P_Steam_Lit.uasset" 475
"../../../Arcanum/Content/StarterContent/Blueprints/Blueprint_Effect_Steam.uasset" 476
"../../../Arcanum/Content/StarterContent/Textures/T_Lamp_M.uasset" 477
"../../../Arcanum/Content/StarterContent/Textures/T_Lamp_N.uasset" 478
"../../../Arcanum/Content/StarterContent/Props/Materials/M_Lamp.uasset" 479
"../../../Arcanum/Content/StarterContent/Props/SM_Lamp_Ceiling.uasset" 480
"../../../Arcanum/Content/StarterContent/Blueprints/Blueprint_CeilingLight.uasset" 481
"../../../Arcanum/Content/StarterContent/Props/SM_Lamp_Wall.uasset" 482
"../../../Arcanum/Content/StarterContent/Blueprints/Blueprint_WallSconce.uasset" 483
"../../../Arcanum/Content/StarterContent/Maps/StarterMap_BuiltData.uasset" 484
"../../../Engine/Content/Functions/Engine_MaterialFunctions03/Procedurals/ComputeFilterWidth.uasset" 485
"../../../Engine/Content/EngineMaterials/AntiAliasedTextMaterialTranslucent.uasset" 486
"../../../Arcanum/Content/StarterContent/Textures/T_Brick_Clay_Beveled_D.uasset" 487
"../../../Arcanum/Content/StarterContent/Textures/T_Brick_Clay_Beveled_M.uasset" 488
"../../../Arcanum/Content/StarterContent/Textures/T_Brick_Clay_Beveled_N.uasset" 489
"../../../Arcanum/Content/StarterContent/Materials/M_Brick_Clay_Beveled.uasset" 490
"../../../Arcanum/Content/StarterContent/Textures/T_Brick_Clay_New_D.uasset" 491
"../../../Arcanum/Content/StarterContent/Textures/T_Brick_Clay_New_M.uasset" 492
"../../../Arcanum/Content/StarterContent/Textures/T_Brick_Clay_New_N.uasset" 493
"../../../Arcanum/Content/StarterContent/Materials/M_Brick_Clay_New.uasset" 494
"../../../Arcanum/Content/StarterContent/Textures/T_Brick_Clay_Old_D.uasset" 495
"../../../Arcanum/Content/StarterContent/Textures/T_Brick_Clay_Old_N.uasset" 496
"../../../Arcanum/Content/StarterContent/Textures/T_Perlin_Noise_M.uasset" 497
"../../../Arcanum/Content/StarterContent/Materials/M_Brick_Clay_Old.uasset" 498
"../../../Arcanum/Content/StarterContent/Textures/T_Brick_Cut_Stone_D.uasset" 499
"../../../Arcanum/Content/StarterContent/Textures/T_Brick_Cut_Stone_N.uasset" 500
"../../../Arcanum/Content/StarterContent/Materials/M_Brick_Cut_Stone.uasset" 501
"../../../Arcanum/Content/StarterContent/Textures/T_Brick_Hewn_Stone_D.uasset" 502
"../../../Arcanum/Content/StarterContent/Textures/T_Brick_Hewn_Stone_M.uasset" 503
"../../../Arcanum/Content/StarterContent/Textures/T_Brick_Hewn_Stone_N.uasset" 504
"../../../Arcanum/Content/StarterContent/Materials/M_Brick_Hewn_Stone.uasset" 505
"../../../Arcanum/Content/StarterContent/Textures/T_Ceramic_Tile_M.uasset" 506
"../../../Arcanum/Content/StarterContent/Textures/T_Ceramic_Tile_N.uasset" 507
"../../../Arcanum/Content/StarterContent/Textures/T_Rock_Marble_Polished_D.uasset" 508
"../../../Arcanum/Content/StarterContent/Materials/M_Ceramic_Tile_Checker.uasset" 509
"../../../Arcanum/Content/StarterContent/Textures/T_CobbleStone_Pebble_D.uasset" 510
"../../../Arcanum/Content/StarterContent/Textures/T_CobbleStone_Pebble_M.uasset" 511
"../../../Arcanum/Content/StarterContent/Textures/T_CobbleStone_Pebble_N.uasset" 512
"../../../Arcanum/Content/StarterContent/Materials/M_CobbleStone_Pebble.uasset" 513
"../../../Arcanum/Content/StarterContent/Textures/T_CobbleStone_Rough_D.uasset" 514
"../../../Arcanum/Content/StarterContent/Textures/T_CobbleStone_Rough_N.uasset" 515
"../../../Arcanum/Content/StarterContent/Textures/T_Gradinet_01.uasset" 516
"../../../Arcanum/Content/StarterContent/Textures/T_Rock_Smooth_Granite_D.uasset" 517
"../../../Arcanum/Content/StarterContent/Materials/M_CobbleStone_Rough.uasset" 518
"../../../Arcanum/Content/StarterContent/Textures/T_CobbleStone_Smooth_D.uasset" 519
"../../../Arcanum/Content/StarterContent/Textures/T_CobbleStone_Smooth_M.uasset" 520
"../../../Arcanum/Content/StarterContent/Textures/T_CobbleStone_Smooth_N.uasset" 521
"../../../Arcanum/Content/StarterContent/Materials/M_CobbleStone_Smooth.uasset" 522
"../../../Arcanum/Content/StarterContent/Textures/T_Concrete_Grime_D.uasset" 523
"../../../Arcanum/Content/StarterContent/Textures/T_Metal_Rust_N.uasset" 524
"../../../Arcanum/Content/StarterContent/Materials/M_Concrete_Grime.uasset" 525
"../../../Arcanum/Content/StarterContent/Textures/T_Concrete_Panels_D.uasset" 526
"../../../Arcanum/Content/StarterContent/Textures/T_Concrete_Panels_N.uasset" 527
"../../../Arcanum/Content/StarterContent/Materials/M_Concrete_Panels.uasset" 528
"../../../Arcanum/Content/StarterContent/Textures/T_Concrete_Poured_D.uasset" 529
"../../../Arcanum/Content/StarterContent/Textures/T_Concrete_Poured_N.uasset" 530
"../../../Arcanum/Content/StarterContent/Materials/M_Concrete_Poured.uasset" 531
"../../../Arcanum/Content/StarterContent/Textures/T_Concrete_Tiles_D.uasset" 532
"../../../Arcanum/Content/StarterContent/Textures/T_Concrete_Tiles_M.uasset" 533
"../../../Arcanum/Content/StarterContent/Textures/T_Concrete_Tiles_N.uasset" 534
"../../../Arcanum/Content/StarterContent/Textures/T_Concrete_Tiles_Variation_M.uasset" 535
"../../../Arcanum/Content/StarterContent/Materials/M_Concrete_Tiles.uasset" 536
"../../../Arcanum/Content/StarterContent/Textures/T_Ground_Grass_D.uasset" 537
"../../../Arcanum/Content/StarterContent/Textures/T_Ground_Grass_N.uasset" 538
"../../../Arcanum/Content/StarterContent/Materials/M_Ground_Grass.uasset" 539
"../../../Arcanum/Content/StarterContent/Textures/T_Ground_Gravel_D.uasset" 540
"../../../Arcanum/Content/StarterContent/Textures/T_Ground_Gravel_N.uasset" 541
"../../../Arcanum/Content/StarterContent/Materials/M_Ground_Gravel.uasset" 542
"../../../Arcanum/Content/StarterContent/Textures/T_ground_Moss_D.uasset" 543
"../../../Arcanum/Content/StarterContent/Textures/T_Ground_Moss_N.uasset" 544
"../../../Arcanum/Content/StarterContent/Materials/M_Ground_Moss.uasset" 545
"../../../Arcanum/Content/StarterContent/Materials/M_Metal_Chrome.uasset" 546
"../../../Arcanum/Content/StarterContent/Textures/T_Metal_Gold_D.uasset" 547
"../../../Arcanum/Content/StarterContent/Materials/M_Metal_Gold.uasset" 548
"../../../Arcanum/Content/StarterContent/Textures/T_Metal_Rust_D.uasset" 549
"../../../Arcanum/Content/StarterContent/Materials/M_Metal_Rust.uasset" 550
"../../../Arcanum/Content/StarterContent/Textures/T_Metal_Steel_D.uasset" 551
"../../../Arcanum/Content/StarterContent/Textures/T_Metal_Steel_N.uasset" 552
"../../../Arcanum/Content/StarterContent/Materials/M_Metal_Steel.uasset" 553
"../../../Arcanum/Content/StarterContent/Materials/M_Rock_Basalt.uasset" 554
"../../../Arcanum/Content/StarterContent/Materials/M_Rock_Marble_Polished.uasset" 555
"../../../Arcanum/Content/StarterContent/Textures/T_Rock_Sandstone_D.uasset" 556
"../../../Arcanum/Content/StarterContent/Textures/T_Rock_Sandstone_N.uasset" 557
"../../../Arcanum/Content/StarterContent/Materials/M_Rock_Sandstone.uasset" 558
"../../../Arcanum/Content/StarterContent/Textures/T_Rock_Slate_D.uasset" 559
"../../../Arcanum/Content/StarterContent/Textures/T_Rock_Slate_N.uasset" 560
"../../../Arcanum/Content/StarterContent/Materials/M_Rock_Slate.uasset" 561
"../../../Arcanum/Content/StarterContent/Textures/T_Checker_Noise_M.uasset" 562
"../../../Arcanum/Content/StarterContent/Textures/T_Single_Tile_N.uasset" 563
"../../../Arcanum/Content/StarterContent/Textures/T_Tech_Dot_M.uasset" 564
"../../../Arcanum/Content/StarterContent/Textures/T_Tech_Dot_N.uasset" 565
"../../../Arcanum/Content/StarterContent/Materials/M_Tech_Checker_Dot.uasset" 566
"../../../Arcanum/Content/StarterContent/Materials/M_Tech_Hex_Tile.uasset" 567
"../../../Arcanum/Content/StarterContent/Materials/M_Tech_Hex_Tile_Pulse.uasset" 568
"../../../Arcanum/Content/StarterContent/Textures/T_Tech_Panel_M.uasset" 569
"../../../Arcanum/Content/StarterContent/Textures/T_Tech_Panel_N.uasset" 570
"../../../Arcanum/Content/StarterContent/Materials/M_Tech_Panel.uasset" 571
"../../../Arcanum/Content/StarterContent/Materials/M_Water_Lake.uasset" 572
"../../../Arcanum/Content/StarterContent/Materials/M_Water_Ocean.uasset" 573
"../../../Arcanum/Content/StarterContent/Textures/T_Wood_Floor_Walnut_D.uasset" 574
"../../../Arcanum/Content/StarterContent/Textures/T_Wood_Floor_Walnut_M.uasset" 575
"../../../Arcanum/Content/StarterContent/Textures/T_Wood_Floor_Walnut_N.uasset" 576
"../../../Arcanum/Content/StarterContent/Materials/M_Wood_Floor_Walnut_Polished.uasset" 577
"../../../Engine/Content/Functions/Engine_MaterialFunctions01/Opacity/AlphaOffset.uasset" 578
"../../../Arcanum/Content/StarterContent/Materials/M_Wood_Floor_Walnut_Worn.uasset" 579
"../../../Arcanum/Content/StarterContent/Textures/T_Wood_Oak_D.uasset" 580
"../../../Arcanum/Content/StarterContent/Textures/T_Wood_Oak_N.uasset" 581
"../../../Arcanum/Content/StarterContent/Materials/M_Wood_Oak.uasset" 582
"../../../Arcanum/Content/StarterContent/Textures/T_Wood_Pine_D.uasset" 583
"../../../Arcanum/Content/StarterContent/Textures/T_Wood_Pine_N.uasset" 584
"../../../Arcanum/Content/StarterContent/Materials/M_Wood_Pine.uasset" 585
"../../../Arcanum/Content/StarterContent/Textures/T_Wood_Walnut_D.uasset" 586
"../../../Arcanum/Content/StarterContent/Textures/T_Wood_Walnut_N.uasset" 587
"../../../Arcanum/Content/StarterContent/Materials/M_Wood_Walnut.uasset" 588
"../../../Arcanum/Content/StarterContent/Architecture/Wall_400x200.uasset" 589
"../../../Arcanum/Content/StarterContent/Architecture/Wall_Door_400x300.uasset" 590
"../../../Arcanum/Content/StarterContent/Architecture/Wall_Window_400x300.uasset" 591
"../../../Arcanum/Content/StarterContent/Audio/Collapse_Cue.uasset" 592
"../../../Arcanum/Content/StarterContent/Audio/Starter_Music_Cue.uasset" 593
"../../../Arcanum/Content/StarterContent/Textures/T_Dust_Particle_D.uasset" 594
"../../../Arcanum/Content/StarterContent/Particles/Materials/M_Dust_Particle.uasset" 595
"../../../Arcanum/Content/StarterContent/Particles/P_Ambient_Dust.uasset" 596
"../../../Arcanum/Content/StarterContent/Props/MaterialSphere.uasset" 597
"../../../Arcanum/Content/StarterContent/Textures/T_Frame_M.uasset" 598
"../../../Arcanum/Content/StarterContent/Textures/T_Frame_N.uasset" 599
"../../../Arcanum/Content/StarterContent/Props/Materials/M_Frame.uasset" 600
"../../../Arcanum/Content/StarterContent/Props/SM_CornerFrame.uasset" 601
"../../../Arcanum/Content/StarterContent/Props/SM_DoorFrame.uasset" 602
"../../../Arcanum/Content/StarterContent/Props/SM_GlassWindow.uasset" 603
"../../../Arcanum/Content/StarterContent/Props/SM_PillarFrame.uasset" 604
"../../../Arcanum/Content/StarterContent/Props/SM_PillarFrame300.uasset" 605
"../../../Arcanum/Content/StarterContent/Props/SM_WindowFrame.uasset" 606
"../../../Arcanum/Content/StarterContent/Shapes/Shape_Cube.uasset" 607
"../../../Arcanum/Content/StarterContent/Shapes/Shape_QuadPyramid.uasset" 608
"../../../Arcanum/Content/StarterContent/Maps/StarterMap.umap" 609
"../../../Arcanum/Content/ThirdPersonBP/Blueprints/Arena.uasset" 610
"../../../Arcanum/Content/ThirdPersonBP/Blueprints/Player/ArcaGameMode.uasset" 611
"../../../Arcanum/Content/ThirdPersonBP/Maps/Arena_BuiltData.uasset" 612
"../../../Arcanum/Content/ThirdPersonBP/Maps/Arena.umap" 613
"../../../Engine/Content/Maps/Entry.umap" 614
